<?xml version="1.0" encoding="UTF-8"?>
<!-- Generated by org.testng.reporters.JUnitReportReporter -->
<testsuite hostname="MAVBCP3516" failures="0" tests="2" name="GTAqua.BlazeDemo" time="40.524" errors="0" timestamp="2021-10-10T19:23:32 IST" skipped="0">
  <testcase classname="GTAqua.BlazeDemo" name="Demo" time="19.678"/>
  <system-out/>
  <testcase classname="GTAqua.BlazeDemo" name="Demo" time="20.846"/>
  <system-out/>
</testsuite> <!-- GTAqua.BlazeDemo -->
